<?xml version="1.0" encoding="UTF-8"?>
<!-- Generated by org.testng.reporters.JUnitReportReporter -->
<testsuite hostname="DESKTOP-SPCLLFQ" failures="0" tests="2" name="automationPractice.tests.Fr004B2Tests" time="18.297" errors="0" timestamp="2021-10-08T18:10:32 PDT" skipped="0">
  <testcase classname="automationPractice.tests.Fr004B2Tests" name="canClickProductTitleViewTheDetails" time="11.174"/>
  <system-out/>
  <testcase classname="automationPractice.tests.Fr004B2Tests" name="canClickProductImageViewTheDetails" time="7.123"/>
  <system-out/>
</testsuite> <!-- automationPractice.tests.Fr004B2Tests -->
