<?xml version="1.0" encoding="UTF-8"?>
<!-- Generated by org.testng.reporters.JUnitReportReporter -->
<testsuite hostname="DESKTOP-SPCLLFQ" failures="0" tests="1" name="automationPractice.tests.Fr004B2Tests" time="1.664" errors="0" timestamp="2021-10-07T17:09:59 PDT" skipped="0">
  <testcase classname="automationPractice.tests.Fr004B2Tests" name="canClickProductTitleViewTheDetails" time="1.664"/>
  <system-out/>
</testsuite> <!-- automationPractice.tests.Fr004B2Tests -->
