<?xml version="1.0" encoding="UTF-8"?>
<!-- Generated by org.testng.reporters.JUnitReportReporter -->
<testsuite hostname="DESKTOP-SPCLLFQ" failures="0" tests="2" name="automationPractice.tests.Fr004B1Tests" time="24.098" errors="0" timestamp="2021-10-08T18:10:32 PDT" skipped="0">
  <testcase classname="automationPractice.tests.Fr004B1Tests" name="wind16CanAddProductToWishlist" time="15.888"/>
  <system-out/>
  <testcase classname="automationPractice.tests.Fr004B1Tests" name="wind16CanAddProductToCart" time="8.210"/>
  <system-out/>
</testsuite> <!-- automationPractice.tests.Fr004B1Tests -->
