<?xml version="1.0" encoding="UTF-8"?>
<!-- Generated by org.testng.reporters.JUnitReportReporter -->
<testsuite hostname="DESKTOP-SPCLLFQ" failures="0" tests="1" name="automationPractice.tests.Fr001B1Test" time="8.499" errors="0" timestamp="2021-10-08T18:10:32 PDT" skipped="0">
  <testcase classname="automationPractice.tests.Fr001B1Test" name="SignInExsistingUser" time="8.499"/>
  <system-out/>
</testsuite> <!-- automationPractice.tests.Fr001B1Test -->
