<?xml version="1.0" encoding="UTF-8"?>
<!-- Generated by org.testng.reporters.JUnitReportReporter -->
<testsuite hostname="DESKTOP-SPCLLFQ" failures="0" tests="1" name="automationPractice.tests.Fr007B4Test" time="4.064" errors="0" timestamp="2021-10-07T17:09:08 PDT" skipped="0">
  <testcase classname="automationPractice.tests.Fr007B4Test" name="getToCheckOut" time="4.064"/>
  <system-out/>
</testsuite> <!-- automationPractice.tests.Fr007B4Test -->
