<?xml version="1.0" encoding="UTF-8"?>
<!-- Generated by org.testng.reporters.JUnitReportReporter -->
<testsuite hostname="DESKTOP-SPCLLFQ" failures="0" tests="3" name="automationPractice.tests.Fr003B1B1Tests" time="23.535" errors="0" timestamp="2021-10-08T18:10:32 PDT" skipped="0">
  <testcase classname="automationPractice.tests.Fr003B1B1Tests" name="wind7CanSearchByValidKeyword" time="8.553"/>
  <system-out/>
  <testcase classname="automationPractice.tests.Fr003B1B1Tests" name="wind7CanSortByNameAsc" time="7.705"/>
  <system-out/>
  <testcase classname="automationPractice.tests.Fr003B1B1Tests" name="wind7CanSearchByInvalidKeyword" time="7.277"/>
  <system-out/>
</testsuite> <!-- automationPractice.tests.Fr003B1B1Tests -->
