<?xml version="1.0" encoding="UTF-8"?>
<!-- Generated by org.testng.reporters.JUnitReportReporter -->
<testsuite hostname="DESKTOP-SPCLLFQ" failures="0" tests="1" name="automationPractice.tests.Fr001B1Test" time="20.624" errors="0" timestamp="2021-10-05T18:14:30 PDT" skipped="0">
  <testcase classname="automationPractice.tests.Fr001B1Test" name="SignInExsistingUser" time="20.624"/>
  <system-out/>
</testsuite> <!-- automationPractice.tests.Fr001B1Test -->
