<?xml version="1.0" encoding="UTF-8"?>
<!-- Generated by org.testng.reporters.JUnitReportReporter -->
<testsuite hostname="SC-201909300102" failures="0" tests="1" name="automationPractice.tests.NewTest123" time="9.707" errors="0" timestamp="2021-09-30T23:41:23 EDT" skipped="0">
  <testcase classname="automationPractice.tests.NewTest123" name="CanclickBlouseProductPage" time="9.707"/>
  <system-out/>
</testsuite> <!-- automationPractice.tests.NewTest123 -->
