<?xml version="1.0" encoding="UTF-8"?>
<!-- Generated by org.testng.reporters.JUnitReportReporter -->
<testsuite hostname="SC-201909300102" failures="0" tests="1" name="automationPractice.tests.Fr007B4Test" time="17.950" errors="0" timestamp="2021-10-05T20:36:42 EDT" skipped="0">
  <testcase classname="automationPractice.tests.Fr007B4Test" name="getToCheckOut" time="17.950"/>
  <system-out/>
</testsuite> <!-- automationPractice.tests.Fr007B4Test -->
