<?xml version="1.0" encoding="UTF-8"?>
<!-- Generated by org.testng.reporters.JUnitReportReporter -->
<testsuite hostname="LAPTOP-1H8POQIL" failures="0" tests="1" name="automationPractice.tests.Fr004B1Tests" time="5.829" errors="0" timestamp="2021-10-04T21:32:58 EDT" skipped="0">
  <testcase classname="automationPractice.tests.Fr004B1Tests" name="wind16CanAddProductToCart" time="5.829"/>
  <system-out/>
</testsuite> <!-- automationPractice.tests.Fr004B1Tests -->
