<?xml version="1.0" encoding="UTF-8"?>
<!-- Generated by org.testng.reporters.JUnitReportReporter -->
<testsuite hostname="LAPTOP-1H8POQIL" failures="0" tests="1" name="automationPractice.tests.Fr003B1B1Tests" time="1.840" errors="0" timestamp="2021-10-04T09:02:08 EDT" skipped="0">
  <testcase classname="automationPractice.tests.Fr003B1B1Tests" name="wind7CanSearchByInvalidKeyword" time="1.840"/>
  <system-out/>
</testsuite> <!-- automationPractice.tests.Fr003B1B1Tests -->
