<?xml version="1.0" encoding="UTF-8"?>
<!-- Generated by org.testng.reporters.JUnitReportReporter -->
<testsuite hostname="DESKTOP-SPCLLFQ" failures="0" tests="1" name="automationPractice.tests.Fr007B4Test" time="13.872" errors="0" timestamp="2021-09-30T19:30:43 PDT" skipped="0">
  <testcase classname="automationPractice.tests.Fr007B4Test" name="getToCheckOut" time="13.872"/>
  <system-out/>
</testsuite> <!-- automationPractice.tests.Fr007B4Test -->
