<?xml version="1.0" encoding="UTF-8"?>
<!-- Generated by org.testng.reporters.JUnitReportReporter -->
<testsuite hostname="SC-201909300102" failures="0" tests="1" name="automationPractice.tests.Fr004B2Tests" time="8.046" errors="0" timestamp="2021-10-05T20:37:51 EDT" skipped="0">
  <testcase classname="automationPractice.tests.Fr004B2Tests" name="canClickProductImageViewTheDetails" time="8.046"/>
  <system-out/>
</testsuite> <!-- automationPractice.tests.Fr004B2Tests -->
